#
# A fatal error has been detected by the Java Runtime Environment:
#
#  EXCEPTION_ACCESS_VIOLATION (0xc0000005) at pc=0x0000000002b8426a, pid=22812, tid=0x0000000000001f4c
#
# JRE version: Java(TM) SE Runtime Environment (8.0_251-b08) (build 1.8.0_251-b08)
# Java VM: Java HotSpot(TM) 64-Bit Server VM (25.251-b08 mixed mode windows-amd64 compressed oops)
# Problematic frame:
# j  jogamp.opengl.gl4.GL4bcImpl.checkBufferObject(ZZZILjava/lang/String;Z)Z+53
#
# Failed to write core dump. Minidumps are not enabled by default on client versions of Windows
#
# If you would like to submit a bug report, please visit:
#   http://bugreport.java.com/bugreport/crash.jsp
#

---------------  T H R E A D  ---------------

Current thread (0x0000000020498800):  JavaThread "AWT-EventQueue-0" [_thread_in_Java, id=8012, stack(0x0000000022e40000,0x0000000022f40000)]

siginfo: ExceptionCode=0xc0000005, reading address 0x0000000000001130

Registers:
RAX=0x0000000000100000, RBX=0x000000002bd81f88, RCX=0x0000000000001130, RDX=0x0000000040500003
RSP=0x0000000022f3e090, RBP=0x0000000022f3e0f0, RSI=0x0000000000000007, RDI=0x00000000ede2e857
R8 =0x0000000000000009, R9 =0x00000000000000cc, R10=0x0000000061b0c910, R11=0x0000000000c7ad90
R12=0x0000000000000000, R13=0x000000002aaa047d, R14=0x0000000022f3e138, R15=0x0000000020498800
RIP=0x0000000002b8426a, EFLAGS=0x0000000000010206

Top of Stack: (sp=0x0000000022f3e090)
0x0000000022f3e090:   0000000002b57e40 0000000000c736d0
0x0000000022f3e0a0:   00000000000088ec 0000000000001130
0x0000000022f3e0b0:   0000000022f3e0b0 000000002aaa047d
0x0000000022f3e0c0:   0000000022f3e138 000000002aab0028
0x0000000022f3e0d0:   0000000000000000 000000002aaa0520
0x0000000022f3e0e0:   0000000000000000 0000000022f3e108
0x0000000022f3e0f0:   0000000022f3e180 0000000002b57bd0
0x0000000022f3e100:   0000000000000000 0000000000000001
0x0000000022f3e110:   000000076f38a240 00000000000088ec
0x0000000022f3e120:   0000000000000001 0000000000000000
0x0000000022f3e130:   0000000000000001 0000000000c736d0
0x0000000022f3e140:   0000000022f3e140 000000002aaa0cd4
0x0000000022f3e150:   0000000022f3e198 000000002aab0028
0x0000000022f3e160:   0000000000000000 000000002aaa0ce0
0x0000000022f3e170:   0000000022f3e108 0000000022f3e190
0x0000000022f3e180:   0000000022f3e1e0 0000000002b57bd0 

Instructions: (pc=0x0000000002b8426a)
0x0000000002b8424a:   b0 61 00 00 00 00 49 8b 14 d2 52 41 8b d5 4c 8b
0x0000000002b8425a:   6d c8 8b c2 81 e0 00 00 10 00 0f 84 77 01 00 00
0x0000000002b8426a:   48 3b 01 48 8b 45 e0 48 85 c0 0f 84 12 00 00 00
0x0000000002b8427a:   48 83 40 08 01 48 83 58 08 00 48 83 c0 30 48 89 


Register to memory mapping:

RAX=0x0000000000100000 is an unknown value
RBX={method} {0x000000002bd81f90} 'getBoundBufferObject' '(ILcom/jogamp/opengl/GL;)I' in 'jogamp/opengl/GLBufferStateTracker'
RCX=0x0000000000001130 is an unknown value
RDX=0x0000000040500003 is an unknown value
RSP=0x0000000022f3e090 is pointing into the stack for thread: 0x0000000020498800
RBP=0x0000000022f3e0f0 is pointing into the stack for thread: 0x0000000020498800
RSI=0x0000000000000007 is an unknown value
RDI=0x00000000ede2e857 is an unknown value
R8 =0x0000000000000009 is an unknown value
R9 =0x00000000000000cc is an unknown value
R10=0x0000000061b0c910 is an unknown value
R11=0x0000000000c7ad90 is pointing into metadata
R12=0x0000000000000000 is an unknown value
R13=0x000000002aaa047d is pointing into metadata
R14=0x0000000022f3e138 is pointing into the stack for thread: 0x0000000020498800
R15=0x0000000020498800 is a thread


Stack: [0x0000000022e40000,0x0000000022f40000],  sp=0x0000000022f3e090,  free space=1016k
Native frames: (J=compiled Java code, j=interpreted, Vv=VM code, C=native code)
C  0x0000000002b8426a


---------------  P R O C E S S  ---------------

Java Threads: ( => current thread )
  0x0000000022748800 JavaThread "TimerQueue" daemon [_thread_blocked, id=4384, stack(0x000000002f590000,0x000000002f690000)]
  0x000000002274a000 JavaThread "DestroyJavaVM" [_thread_blocked, id=20232, stack(0x00000000028b0000,0x00000000029b0000)]
  0x000000002237e800 JavaThread "main-FPSAWTAnimator#00-Timer0" [_thread_blocked, id=22344, stack(0x000000002bf80000,0x000000002c080000)]
  0x0000000022389800 JavaThread "main-SharedResourceRunner" daemon [_thread_blocked, id=13452, stack(0x000000002abf0000,0x000000002acf0000)]
  0x0000000022303000 JavaThread "D3D Screen Updater" daemon [_thread_blocked, id=16288, stack(0x0000000029d60000,0x0000000029e60000)]
  0x0000000022016800 JavaThread "Animations Thread" daemon [_thread_blocked, id=23040, stack(0x0000000022f40000,0x0000000023040000)]
=>0x0000000020498800 JavaThread "AWT-EventQueue-0" [_thread_in_Java, id=8012, stack(0x0000000022e40000,0x0000000022f40000)]
  0x000000002037c000 JavaThread "AWT-Windows" daemon [_thread_in_native, id=22952, stack(0x0000000020a90000,0x0000000020b90000)]
  0x0000000020379000 JavaThread "AWT-Shutdown" [_thread_blocked, id=14852, stack(0x0000000020990000,0x0000000020a90000)]
  0x0000000020377800 JavaThread "Java2D Disposer" daemon [_thread_blocked, id=16436, stack(0x0000000020890000,0x0000000020990000)]
  0x000000001dfab800 JavaThread "Service Thread" daemon [_thread_blocked, id=16240, stack(0x000000001fc30000,0x000000001fd30000)]
  0x000000001df12800 JavaThread "C1 CompilerThread3" daemon [_thread_blocked, id=20924, stack(0x000000001fb30000,0x000000001fc30000)]
  0x000000001df12000 JavaThread "C2 CompilerThread2" daemon [_thread_blocked, id=23516, stack(0x000000001fa30000,0x000000001fb30000)]
  0x000000001df11000 JavaThread "C2 CompilerThread1" daemon [_thread_blocked, id=19060, stack(0x000000001f930000,0x000000001fa30000)]
  0x000000001df14800 JavaThread "C2 CompilerThread0" daemon [_thread_blocked, id=20524, stack(0x000000001f830000,0x000000001f930000)]
  0x000000001defb000 JavaThread "JDWP Command Reader" daemon [_thread_in_native, id=8612, stack(0x000000001f730000,0x000000001f830000)]
  0x000000001def6000 JavaThread "JDWP Event Helper Thread" daemon [_thread_blocked, id=13756, stack(0x000000001f630000,0x000000001f730000)]
  0x000000001dee8800 JavaThread "JDWP Transport Listener: dt_socket" daemon [_thread_blocked, id=16104, stack(0x000000001f530000,0x000000001f630000)]
  0x000000001dedb800 JavaThread "Attach Listener" daemon [_thread_blocked, id=9780, stack(0x000000001f430000,0x000000001f530000)]
  0x000000001dee0000 JavaThread "Signal Dispatcher" daemon [_thread_blocked, id=9324, stack(0x000000001f330000,0x000000001f430000)]
  0x000000001c7d7800 JavaThread "Finalizer" daemon [_thread_blocked, id=13476, stack(0x000000001f120000,0x000000001f220000)]
  0x000000001dec3000 JavaThread "Reference Handler" daemon [_thread_blocked, id=7636, stack(0x000000001f020000,0x000000001f120000)]

Other Threads:
  0x0000000002b4d000 VMThread [stack: 0x000000001ef20000,0x000000001f020000] [id=21584]
  0x000000001dfbe000 WatcherThread [stack: 0x000000001fd30000,0x000000001fe30000] [id=10040]

VM state:not at safepoint (normal execution)

VM Mutex/Monitor currently owned by a thread: None

heap address: 0x00000006c1000000, size: 4080 MB, Compressed Oops mode: Zero based, Oop shift amount: 3
Narrow klass base: 0x0000000000000000, Narrow klass shift: 3
Compressed class space size: 1073741824 Address: 0x00000007c0000000

Heap:
 PSYoungGen      total 76288K, used 51816K [0x000000076b000000, 0x0000000770500000, 0x00000007c0000000)
  eden space 65536K, 72% used [0x000000076b000000,0x000000076deb0050,0x000000076f000000)
  from space 10752K, 37% used [0x000000076f000000,0x000000076f3ea268,0x000000076fa80000)
  to   space 10752K, 0% used [0x000000076fa80000,0x000000076fa80000,0x0000000770500000)
 ParOldGen       total 137728K, used 12218K [0x00000006c1000000, 0x00000006c9680000, 0x000000076b000000)
  object space 137728K, 8% used [0x00000006c1000000,0x00000006c1bee908,0x00000006c9680000)
 Metaspace       used 29955K, capacity 30604K, committed 31104K, reserved 1077248K
  class space    used 3433K, capacity 3607K, committed 3712K, reserved 1048576K

Card table byte_map: [0x0000000011f10000,0x0000000012710000] byte_map_base: 0x000000000e908000

Marking Bits: (ParMarkBitMap*) 0x0000000061b2af90
 Begin Bits: [0x0000000013660000, 0x0000000017620000)
 End Bits:   [0x0000000017620000, 0x000000001b5e0000)

Polling page: 0x00000000010a0000

CodeCache: size=245760Kb used=13614Kb max_used=15035Kb free=232145Kb
 bounds [0x0000000002b50000, 0x0000000003a10000, 0x0000000011b50000]
 total_blobs=5130 nmethods=4157 adapters=893
 compilation: enabled

Compilation events (10 events):
Event: 387.216 Thread 0x000000001df12800 4934       3       java.awt.Insets::equals (64 bytes)
Event: 387.217 Thread 0x000000001df12800 nmethod 4934 0x0000000002e97b10 code [0x0000000002e97c80, 0x0000000002e98110]
Event: 387.222 Thread 0x000000001df12800 4935       1       java.awt.geom.Rectangle2D$Double::getHeight (5 bytes)
Event: 387.222 Thread 0x000000001df12800 nmethod 4935 0x00000000036f1bd0 code [0x00000000036f1d20, 0x00000000036f1e30]
Event: 387.424 Thread 0x000000001df12800 4936       3       pl.pabilo8.kraftwerk.gui.panel.PanelModelEditor::setupCameraTransform (90 bytes)
Event: 387.424 Thread 0x000000001df12800 nmethod 4936 0x00000000035cf290 code [0x00000000035cf4e0, 0x00000000035cff18]
Event: 387.424 Thread 0x000000001df12800 4937       3       pl.pabilo8.kraftwerk.gui.panel.PanelModelEditor::orientCamera (193 bytes)
Event: 387.424 Thread 0x000000001df12800 nmethod 4937 0x000000000374e350 code [0x000000000374e640, 0x000000000374f1d8]
Event: 387.424 Thread 0x000000001df12800 4938       3       pl.pabilo8.kraftwerk.gui.panel.PanelModelEditor::endCameraTransform (53 bytes)
Event: 387.424 Thread 0x000000001df12800 nmethod 4938 0x0000000003331a50 code [0x0000000003331c00, 0x0000000003332298]

GC Heap History (8 events):
Event: 1.111 GC heap before
{Heap before GC invocations=1 (full 0):
 PSYoungGen      total 76288K, used 60408K [0x000000076b000000, 0x0000000770500000, 0x00000007c0000000)
  eden space 65536K, 92% used [0x000000076b000000,0x000000076eafe0d0,0x000000076f000000)
  from space 10752K, 0% used [0x000000076fa80000,0x000000076fa80000,0x0000000770500000)
  to   space 10752K, 0% used [0x000000076f000000,0x000000076f000000,0x000000076fa80000)
 ParOldGen       total 175104K, used 0K [0x00000006c1000000, 0x00000006cbb00000, 0x000000076b000000)
  object space 175104K, 0% used [0x00000006c1000000,0x00000006c1000000,0x00000006cbb00000)
 Metaspace       used 20600K, capacity 21085K, committed 21296K, reserved 1069056K
  class space    used 2458K, capacity 2603K, committed 2688K, reserved 1048576K
Event: 1.116 GC heap after
Heap after GC invocations=1 (full 0):
 PSYoungGen      total 76288K, used 10730K [0x000000076b000000, 0x0000000770500000, 0x00000007c0000000)
  eden space 65536K, 0% used [0x000000076b000000,0x000000076b000000,0x000000076f000000)
  from space 10752K, 99% used [0x000000076f000000,0x000000076fa7ab50,0x000000076fa80000)
  to   space 10752K, 0% used [0x000000076fa80000,0x000000076fa80000,0x0000000770500000)
 ParOldGen       total 175104K, used 9913K [0x00000006c1000000, 0x00000006cbb00000, 0x000000076b000000)
  object space 175104K, 5% used [0x00000006c1000000,0x00000006c19ae420,0x00000006cbb00000)
 Metaspace       used 20600K, capacity 21085K, committed 21296K, reserved 1069056K
  class space    used 2458K, capacity 2603K, committed 2688K, reserved 1048576K
}
Event: 1.116 GC heap before
{Heap before GC invocations=2 (full 1):
 PSYoungGen      total 76288K, used 10730K [0x000000076b000000, 0x0000000770500000, 0x00000007c0000000)
  eden space 65536K, 0% used [0x000000076b000000,0x000000076b000000,0x000000076f000000)
  from space 10752K, 99% used [0x000000076f000000,0x000000076fa7ab50,0x000000076fa80000)
  to   space 10752K, 0% used [0x000000076fa80000,0x000000076fa80000,0x0000000770500000)
 ParOldGen       total 175104K, used 9913K [0x00000006c1000000, 0x00000006cbb00000, 0x000000076b000000)
  object space 175104K, 5% used [0x00000006c1000000,0x00000006c19ae420,0x00000006cbb00000)
 Metaspace       used 20600K, capacity 21085K, committed 21296K, reserved 1069056K
  class space    used 2458K, capacity 2603K, committed 2688K, reserved 1048576K
Event: 1.132 GC heap after
Heap after GC invocations=2 (full 1):
 PSYoungGen      total 76288K, used 0K [0x000000076b000000, 0x0000000770500000, 0x00000007c0000000)
  eden space 65536K, 0% used [0x000000076b000000,0x000000076b000000,0x000000076f000000)
  from space 10752K, 0% used [0x000000076f000000,0x000000076f000000,0x000000076fa80000)
  to   space 10752K, 0% used [0x000000076fa80000,0x000000076fa80000,0x0000000770500000)
 ParOldGen       total 137728K, used 12202K [0x00000006c1000000, 0x00000006c9680000, 0x000000076b000000)
  object space 137728K, 8% used [0x00000006c1000000,0x00000006c1bea908,0x00000006c9680000)
 Metaspace       used 20600K, capacity 21085K, committed 21296K, reserved 1069056K
  class space    used 2458K, capacity 2603K, committed 2688K, reserved 1048576K
}
Event: 2.065 GC heap before
{Heap before GC invocations=3 (full 1):
 PSYoungGen      total 76288K, used 65536K [0x000000076b000000, 0x0000000770500000, 0x00000007c0000000)
  eden space 65536K, 100% used [0x000000076b000000,0x000000076f000000,0x000000076f000000)
  from space 10752K, 0% used [0x000000076f000000,0x000000076f000000,0x000000076fa80000)
  to   space 10752K, 0% used [0x000000076fa80000,0x000000076fa80000,0x0000000770500000)
 ParOldGen       total 137728K, used 12202K [0x00000006c1000000, 0x00000006c9680000, 0x000000076b000000)
  object space 137728K, 8% used [0x00000006c1000000,0x00000006c1bea908,0x00000006c9680000)
 Metaspace       used 27731K, capacity 28368K, committed 28672K, reserved 1075200K
  class space    used 3315K, capacity 3471K, committed 3584K, reserved 1048576K
Event: 2.068 GC heap after
Heap after GC invocations=3 (full 1):
 PSYoungGen      total 76288K, used 5953K [0x000000076b000000, 0x0000000771300000, 0x00000007c0000000)
  eden space 65536K, 0% used [0x000000076b000000,0x000000076b000000,0x000000076f000000)
  from space 10752K, 55% used [0x000000076fa80000,0x0000000770050678,0x0000000770500000)
  to   space 10752K, 0% used [0x000000076f000000,0x000000076f000000,0x000000076fa80000)
 ParOldGen       total 137728K, used 12210K [0x00000006c1000000, 0x00000006c9680000, 0x000000076b000000)
  object space 137728K, 8% used [0x00000006c1000000,0x00000006c1bec908,0x00000006c9680000)
 Metaspace       used 27731K, capacity 28368K, committed 28672K, reserved 1075200K
  class space    used 3315K, capacity 3471K, committed 3584K, reserved 1048576K
}
Event: 101.595 GC heap before
{Heap before GC invocations=4 (full 1):
 PSYoungGen      total 76288K, used 71489K [0x000000076b000000, 0x0000000771300000, 0x00000007c0000000)
  eden space 65536K, 100% used [0x000000076b000000,0x000000076f000000,0x000000076f000000)
  from space 10752K, 55% used [0x000000076fa80000,0x0000000770050678,0x0000000770500000)
  to   space 10752K, 0% used [0x000000076f000000,0x000000076f000000,0x000000076fa80000)
 ParOldGen       total 137728K, used 12210K [0x00000006c1000000, 0x00000006c9680000, 0x000000076b000000)
  object space 137728K, 8% used [0x00000006c1000000,0x00000006c1bec908,0x00000006c9680000)
 Metaspace       used 29025K, capacity 29636K, committed 29952K, reserved 1075200K
  class space    used 3340K, capacity 3505K, committed 3584K, reserved 1048576K
Event: 101.597 GC heap after
Heap after GC invocations=4 (full 1):
 PSYoungGen      total 76288K, used 4008K [0x000000076b000000, 0x0000000770500000, 0x00000007c0000000)
  eden space 65536K, 0% used [0x000000076b000000,0x000000076b000000,0x000000076f000000)
  from space 10752K, 37% used [0x000000076f000000,0x000000076f3ea268,0x000000076fa80000)
  to   space 10752K, 0% used [0x000000076fa80000,0x000000076fa80000,0x0000000770500000)
 ParOldGen       total 137728K, used 12218K [0x00000006c1000000, 0x00000006c9680000, 0x000000076b000000)
  object space 137728K, 8% used [0x00000006c1000000,0x00000006c1bee908,0x00000006c9680000)
 Metaspace       used 29025K, capacity 29636K, committed 29952K, reserved 1075200K
  class space    used 3340K, capacity 3505K, committed 3584K, reserved 1048576K
}

Deoptimization events (10 events):
Event: 91.536 Thread 0x0000000020498800 Uncommon trap: reason=class_check action=maybe_recompile pc=0x000000000363326c method=javax.swing.JLayer$LayerEventController.eventDispatched(Ljava/awt/AWTEvent;)V @ 6
Event: 91.552 Thread 0x0000000020498800 Uncommon trap: reason=class_check action=maybe_recompile pc=0x000000000363326c method=javax.swing.JLayer$LayerEventController.eventDispatched(Ljava/awt/AWTEvent;)V @ 6
Event: 91.809 Thread 0x0000000020498800 Uncommon trap: reason=unstable_if action=reinterpret pc=0x0000000003665674 method=com.jogamp.nativewindow.util.Rectangle.equals(Ljava/lang/Object;)Z @ 60
Event: 91.810 Thread 0x0000000020498800 Uncommon trap: reason=unstable_if action=reinterpret pc=0x00000000036a4640 method=com.jogamp.opengl.awt.GLCanvas$11.run()V @ 7
Event: 92.189 Thread 0x0000000020498800 Uncommon trap: reason=null_check action=make_not_entrant pc=0x0000000002e1100c method=com.github.weisj.darklaf.util.PropertyUtil.getObject(Ljavax/swing/JComponent;Ljava/lang/String;Ljava/lang/Class;Ljava/lang/Object;)Ljava/lang/Object; @ 10
Event: 207.398 Thread 0x0000000020498800 Uncommon trap: reason=bimorphic action=maybe_recompile pc=0x000000000393b8b8 method=java.awt.Component.applyCurrentShapeBelowMe()V @ 55
Event: 207.419 Thread 0x0000000020498800 Uncommon trap: reason=class_check action=maybe_recompile pc=0x00000000039ebdcc method=java.awt.Container.getMouseEventTargetImpl(IIZLjava/awt/Container$EventTargetFilter;ZZ)Ljava/awt/Component; @ 191
Event: 207.420 Thread 0x0000000020498800 Uncommon trap: reason=class_check action=maybe_recompile pc=0x00000000039ebdcc method=java.awt.Container.getMouseEventTargetImpl(IIZLjava/awt/Container$EventTargetFilter;ZZ)Ljava/awt/Component; @ 191
Event: 207.738 Thread 0x0000000020498800 Uncommon trap: reason=class_check action=maybe_recompile pc=0x00000000039ebdcc method=java.awt.Container.getMouseEventTargetImpl(IIZLjava/awt/Container$EventTargetFilter;ZZ)Ljava/awt/Component; @ 191
Event: 207.746 Thread 0x0000000020498800 Uncommon trap: reason=class_check action=maybe_recompile pc=0x00000000039ebdcc method=java.awt.Container.getMouseEventTargetImpl(IIZLjava/awt/Container$EventTargetFilter;ZZ)Ljava/awt/Component; @ 191

Classes redefined (10 events):
Event: 281.993 Thread 0x0000000002b4d000 redefined class name=pl.pabilo8.kraftwerk.gui.panel.PanelModelEditor, count=5
Event: 282.006 Thread 0x0000000002b4d000 redefined class name=pl.pabilo8.kraftwerk.Kraftwerk$1, count=5
Event: 370.303 Thread 0x0000000002b4d000 redefined class name=pl.pabilo8.kraftwerk.render.GLAllocation, count=6
Event: 370.316 Thread 0x0000000002b4d000 redefined class name=pl.pabilo8.kraftwerk.Kraftwerk, count=6
Event: 370.329 Thread 0x0000000002b4d000 redefined class name=pl.pabilo8.kraftwerk.gui.panel.PanelModelEditor, count=6
Event: 370.348 Thread 0x0000000002b4d000 redefined class name=pl.pabilo8.kraftwerk.Kraftwerk$1, count=6
Event: 381.388 Thread 0x0000000002b4d000 redefined class name=pl.pabilo8.kraftwerk.render.GLAllocation, count=7
Event: 381.403 Thread 0x0000000002b4d000 redefined class name=pl.pabilo8.kraftwerk.Kraftwerk, count=7
Event: 381.422 Thread 0x0000000002b4d000 redefined class name=pl.pabilo8.kraftwerk.gui.panel.PanelModelEditor, count=7
Event: 381.438 Thread 0x0000000002b4d000 redefined class name=pl.pabilo8.kraftwerk.Kraftwerk$1, count=7

Internal exceptions (10 events):
Event: 1.655 Thread 0x0000000002a55800 Exception <a 'java/lang/reflect/InvocationTargetException'> (0x000000076b755050) thrown at [C:\jenkins\workspace\8-2-build-windows-amd64-cygwin\jdk8u251\737\hotspot\src\share\vm\runtime\reflection.cpp, line 1092]
Event: 1.694 Thread 0x0000000002a55800 Exception <a 'java/lang/ClassNotFoundException': java/lang/ObjectCustomizer> (0x000000076c67fa28) thrown at [C:\jenkins\workspace\8-2-build-windows-amd64-cygwin\jdk8u251\737\hotspot\src\share\vm\classfile\systemDictionary.cpp, line 210]
Event: 1.696 Thread 0x0000000002a55800 Exception <a 'java/lang/ArrayIndexOutOfBoundsException': 18> (0x000000076c682280) thrown at [C:\jenkins\workspace\8-2-build-windows-amd64-cygwin\jdk8u251\737\hotspot\src\share\vm\interpreter\interpreterRuntime.cpp, line 368]
Event: 1.697 Thread 0x0000000002a55800 Exception <a 'java/lang/ArrayIndexOutOfBoundsException': 22> (0x000000076c6855e0) thrown at [C:\jenkins\workspace\8-2-build-windows-amd64-cygwin\jdk8u251\737\hotspot\src\share\vm\interpreter\interpreterRuntime.cpp, line 368]
Event: 1.698 Thread 0x0000000002a55800 Exception <a 'java/lang/ArrayIndexOutOfBoundsException': 160> (0x000000076c6879b8) thrown at [C:\jenkins\workspace\8-2-build-windows-amd64-cygwin\jdk8u251\737\hotspot\src\share\vm\interpreter\interpreterRuntime.cpp, line 368]
Event: 1.699 Thread 0x0000000002a55800 Exception <a 'java/lang/ClassNotFoundException': net/miginfocom/layout/UnitValueCustomizer> (0x000000076c694bd0) thrown at [C:\jenkins\workspace\8-2-build-windows-amd64-cygwin\jdk8u251\737\hotspot\src\share\vm\classfile\systemDictionary.cpp, line 210]
Event: 1.701 Thread 0x0000000002a55800 Exception <a 'java/lang/ClassNotFoundException': java/lang/ObjectCustomizer> (0x000000076c6b6448) thrown at [C:\jenkins\workspace\8-2-build-windows-amd64-cygwin\jdk8u251\737\hotspot\src\share\vm\classfile\systemDictionary.cpp, line 210]
Event: 1.701 Thread 0x0000000002a55800 Exception <a 'java/lang/ClassNotFoundException': net/miginfocom/layout/BoundSizeCustomizer> (0x000000076c6c4f00) thrown at [C:\jenkins\workspace\8-2-build-windows-amd64-cygwin\jdk8u251\737\hotspot\src\share\vm\classfile\systemDictionary.cpp, line 210]
Event: 2.127 Thread 0x0000000020498800 Implicit null exception at 0x00000000031e5e57 to 0x00000000031e6b09
Event: 92.189 Thread 0x0000000020498800 Implicit null exception at 0x0000000002e10eb0 to 0x0000000002e10fea

Events (10 events):
Event: 391.832 Executing VM operation: GetOrSetLocal
Event: 391.832 Executing VM operation: GetOrSetLocal done
Event: 391.883 Executing VM operation: GetOrSetLocal
Event: 391.883 Executing VM operation: GetOrSetLocal done
Event: 392.138 Executing VM operation: GetOrSetLocal
Event: 392.138 Executing VM operation: GetOrSetLocal done
Event: 392.141 Executing VM operation: GetOrSetLocal
Event: 392.141 Executing VM operation: GetOrSetLocal done
Event: 392.844 Executing VM operation: ChangeBreakpoints
Event: 392.844 Executing VM operation: ChangeBreakpoints done


Dynamic libraries:
0x00007ff7ca570000 - 0x00007ff7ca5a7000 	C:\Program Files\Java\jdk1.8.0_251\bin\java.exe
0x00007ff981850000 - 0x00007ff981a45000 	C:\WINDOWS\SYSTEM32\ntdll.dll
0x00007ff980880000 - 0x00007ff98093d000 	C:\WINDOWS\System32\KERNEL32.DLL
0x00007ff97f340000 - 0x00007ff97f609000 	C:\WINDOWS\System32\KERNELBASE.dll
0x00007ff9805a0000 - 0x00007ff98064c000 	C:\WINDOWS\System32\ADVAPI32.dll
0x00007ff981130000 - 0x00007ff9811ce000 	C:\WINDOWS\System32\msvcrt.dll
0x00007ff97f8b0000 - 0x00007ff97f94b000 	C:\WINDOWS\System32\sechost.dll
0x00007ff97ff10000 - 0x00007ff98003a000 	C:\WINDOWS\System32\RPCRT4.dll
0x00007ff981670000 - 0x00007ff981810000 	C:\WINDOWS\System32\USER32.dll
0x00007ff97f280000 - 0x00007ff97f2a2000 	C:\WINDOWS\System32\win32u.dll
0x00007ff97f9d0000 - 0x00007ff97f9fa000 	C:\WINDOWS\System32\GDI32.dll
0x00007ff97f110000 - 0x00007ff97f21b000 	C:\WINDOWS\System32\gdi32full.dll
0x00007ff97f710000 - 0x00007ff97f7ad000 	C:\WINDOWS\System32\msvcp_win.dll
0x00007ff97f7b0000 - 0x00007ff97f8b0000 	C:\WINDOWS\System32\ucrtbase.dll
0x00007ff961330000 - 0x00007ff9615ca000 	C:\WINDOWS\WinSxS\amd64_microsoft.windows.common-controls_6595b64144ccf1df_6.0.19041.1110_none_60b5254171f9507e\COMCTL32.dll
0x00007ff981640000 - 0x00007ff981670000 	C:\WINDOWS\System32\IMM32.DLL
0x0000000061bb0000 - 0x0000000061c82000 	C:\Program Files\Java\jdk1.8.0_251\jre\bin\msvcr100.dll
0x0000000061300000 - 0x0000000061bab000 	C:\Program Files\Java\jdk1.8.0_251\jre\bin\server\jvm.dll
0x00007ff97f950000 - 0x00007ff97f958000 	C:\WINDOWS\System32\PSAPI.DLL
0x00007ff96b540000 - 0x00007ff96b549000 	C:\WINDOWS\SYSTEM32\WSOCK32.dll
0x00007ff9752e0000 - 0x00007ff975307000 	C:\WINDOWS\SYSTEM32\WINMM.dll
0x00007ff97a240000 - 0x00007ff97a24a000 	C:\WINDOWS\SYSTEM32\VERSION.dll
0x00007ff980530000 - 0x00007ff98059b000 	C:\WINDOWS\System32\WS2_32.dll
0x00007ff979780000 - 0x00007ff97978f000 	C:\Program Files\Java\jdk1.8.0_251\jre\bin\verify.dll
0x00007ff971390000 - 0x00007ff9713b9000 	C:\Program Files\Java\jdk1.8.0_251\jre\bin\java.dll
0x00007ff968c30000 - 0x00007ff968c65000 	C:\Program Files\Java\jdk1.8.0_251\jre\bin\jdwp.dll
0x00007ff97c730000 - 0x00007ff97c738000 	C:\Program Files\Java\jdk1.8.0_251\jre\bin\npt.dll
0x00007ff975cc0000 - 0x00007ff975cd6000 	C:\Program Files\Java\jdk1.8.0_251\jre\bin\zip.dll
0x00007ff980940000 - 0x00007ff98107f000 	C:\WINDOWS\System32\SHELL32.dll
0x00007ff97d090000 - 0x00007ff97d820000 	C:\WINDOWS\SYSTEM32\windows.storage.dll
0x00007ff97fa00000 - 0x00007ff97fd55000 	C:\WINDOWS\System32\combase.dll
0x00007ff97e9e0000 - 0x00007ff97ea0c000 	C:\WINDOWS\SYSTEM32\Wldp.dll
0x00007ff9811d0000 - 0x00007ff98127e000 	C:\WINDOWS\System32\SHCORE.dll
0x00007ff9804d0000 - 0x00007ff980525000 	C:\WINDOWS\System32\shlwapi.dll
0x00007ff97eec0000 - 0x00007ff97eedf000 	C:\WINDOWS\SYSTEM32\profapi.dll
0x00007ff97c720000 - 0x00007ff97c729000 	C:\Program Files\Java\jdk1.8.0_251\jre\bin\dt_socket.dll
0x00007ff97e740000 - 0x00007ff97e7aa000 	C:\WINDOWS\system32\mswsock.dll
0x00007ff94b730000 - 0x00007ff94b8ca000 	C:\Program Files\Java\jdk1.8.0_251\jre\bin\awt.dll
0x00007ff97fd60000 - 0x00007ff97fe2d000 	C:\WINDOWS\System32\OLEAUT32.dll
0x00007ff97c800000 - 0x00007ff97c890000 	C:\WINDOWS\SYSTEM32\apphelp.dll
0x00007ff97c9d0000 - 0x00007ff97ca6e000 	C:\WINDOWS\system32\uxtheme.dll
0x00007ff981430000 - 0x00007ff981545000 	C:\WINDOWS\System32\MSCTF.dll
0x00007ff981280000 - 0x00007ff9813aa000 	C:\WINDOWS\System32\ole32.dll
0x00007ff97ce90000 - 0x00007ff97cea2000 	C:\WINDOWS\SYSTEM32\kernel.appcore.dll
0x00007ff97f2b0000 - 0x00007ff97f333000 	C:\WINDOWS\System32\bcryptPrimitives.dll
0x00007ff97e930000 - 0x00007ff97e948000 	C:\WINDOWS\SYSTEM32\CRYPTSP.dll
0x00007ff97e050000 - 0x00007ff97e084000 	C:\WINDOWS\system32\rsaenh.dll
0x00007ff97ef80000 - 0x00007ff97efa7000 	C:\WINDOWS\System32\bcrypt.dll
0x00007ff97ee80000 - 0x00007ff97eeae000 	C:\WINDOWS\SYSTEM32\USERENV.dll
0x00007ff97e950000 - 0x00007ff97e95c000 	C:\WINDOWS\SYSTEM32\CRYPTBASE.dll
0x00007ff975b80000 - 0x00007ff975b9a000 	C:\Program Files\Java\jdk1.8.0_251\jre\bin\net.dll
0x00007ff97e3e0000 - 0x00007ff97e41b000 	C:\WINDOWS\SYSTEM32\IPHLPAPI.DLL
0x00007ff980040000 - 0x00007ff980048000 	C:\WINDOWS\System32\NSI.dll
0x00007ff97a220000 - 0x00007ff97a237000 	C:\WINDOWS\SYSTEM32\dhcpcsvc6.DLL
0x00007ff979880000 - 0x00007ff97989d000 	C:\WINDOWS\SYSTEM32\dhcpcsvc.DLL
0x00007ff97e430000 - 0x00007ff97e4fc000 	C:\WINDOWS\SYSTEM32\DNSAPI.dll
0x00007ff971120000 - 0x00007ff971132000 	C:\Program Files\Java\jdk1.8.0_251\jre\bin\nio.dll
0x00007ff975630000 - 0x00007ff975661000 	C:\Users\Dobrodziej\AppData\Local\Temp\nativeutils403043089115004771370657420303927\darklaf-windows.dll
0x00007ff97ccb0000 - 0x00007ff97ccdf000 	C:\WINDOWS\SYSTEM32\dwmapi.dll
0x00007ff9632a0000 - 0x00007ff9632e9000 	C:\Program Files\Java\jdk1.8.0_251\jre\bin\fontmanager.dll
0x00007ff9713c0000 - 0x00007ff9714e5000 	C:\WINDOWS\system32\opengl32.dll
0x00007ff975ce0000 - 0x00007ff975d0c000 	C:\WINDOWS\SYSTEM32\GLU32.dll
0x00007ff95e9e0000 - 0x00007ff95ebae000 	C:\WINDOWS\system32\d3d9.dll
0x00007ff976a00000 - 0x00007ff976b05000 	C:\WINDOWS\System32\DriverStore\FileRepository\nv_dispi.inf_amd64_272b5c540127d6d2\nvldumdx.dll
0x00007ff97eb60000 - 0x00007ff97eb72000 	C:\WINDOWS\SYSTEM32\msasn1.dll
0x00007ff9798a0000 - 0x00007ff9798d1000 	C:\WINDOWS\SYSTEM32\cryptnet.dll
0x00007ff97efb0000 - 0x00007ff97f10f000 	C:\WINDOWS\System32\CRYPT32.dll
0x00007ff97f220000 - 0x00007ff97f280000 	C:\WINDOWS\System32\WINTRUST.DLL
0x00007ff980650000 - 0x00007ff98066d000 	C:\WINDOWS\System32\imagehlp.dll
0x00007ff92eee0000 - 0x00007ff930b2a000 	C:\WINDOWS\System32\DriverStore\FileRepository\nv_dispi.inf_amd64_272b5c540127d6d2\nvd3dumx.dll
0x00007ff93f210000 - 0x00007ff93f4d3000 	C:\WINDOWS\system32\nvspcap64.dll
0x00007ff97dc60000 - 0x00007ff97dc93000 	C:\WINDOWS\SYSTEM32\ntmarta.dll
0x00007ff97d830000 - 0x00007ff97d853000 	C:\WINDOWS\SYSTEM32\gpapi.dll
0x00007ff97a790000 - 0x00007ff97a7cb000 	C:\WINDOWS\SYSTEM32\dxcore.dll
0x00007ff97f6c0000 - 0x00007ff97f70e000 	C:\WINDOWS\System32\cfgmgr32.dll
0x00007ff95f640000 - 0x00007ff95f682000 	C:\Program Files\Java\jdk1.8.0_251\jre\bin\t2k.dll
0x00007ff979750000 - 0x00007ff979757000 	C:\Program Files\Java\jdk1.8.0_251\jre\bin\jawt.dll
0x00007ff973e30000 - 0x00007ff973f29000 	C:\WINDOWS\SYSTEM32\textinputframework.dll
0x00007ff97c170000 - 0x00007ff97c4ce000 	C:\WINDOWS\System32\CoreUIComponents.dll
0x00007ff97c4d0000 - 0x00007ff97c5c2000 	C:\WINDOWS\System32\CoreMessaging.dll
0x00007ff97acd0000 - 0x00007ff97ae24000 	C:\WINDOWS\SYSTEM32\wintypes.dll
0x00007ff9756b0000 - 0x00007ff9756da000 	C:\Program Files\Java\jdk1.8.0_251\jre\bin\dcpr.dll
0x00000000637c0000 - 0x00000000637cd000 	C:\Users\Dobrodziej\AppData\Local\Temp\jogamp_0000\file_cache\jln1373930623679935788\jln34976543957880311\natives\windows-amd64\gluegen-rt.dll
0x000000006a440000 - 0x000000006a44d000 	C:\Users\Dobrodziej\AppData\Local\Temp\jogamp_0000\file_cache\jln1373930623679935788\jln34976543957880311\natives\windows-amd64\nativewindow_awt.dll
0x000000006c100000 - 0x000000006c10f000 	C:\Users\Dobrodziej\AppData\Local\Temp\jogamp_0000\file_cache\jln1373930623679935788\jln34976543957880311\natives\windows-amd64\nativewindow_win32.dll
0x0000000064500000 - 0x00000000645b1000 	C:\Users\Dobrodziej\AppData\Local\Temp\jogamp_0000\file_cache\jln1373930623679935788\jln34976543957880311\natives\windows-amd64\jogl_desktop.dll
0x0000000064340000 - 0x00000000643a2000 	C:\Users\Dobrodziej\AppData\Local\Temp\jogamp_0000\file_cache\jln1373930623679935788\jln34976543957880311\natives\windows-amd64\jogl_mobile.dll
0x00007ff981080000 - 0x00007ff981129000 	C:\WINDOWS\System32\clbcatq.dll
0x00007ff975fa0000 - 0x00007ff976099000 	C:\Windows\System32\AppXDeploymentClient.dll
0x00007ff91e350000 - 0x00007ff920ce1000 	C:\WINDOWS\System32\DriverStore\FileRepository\nv_dispi.inf_amd64_272b5c540127d6d2\nvoglv64.dll
0x00007ff980050000 - 0x00007ff9804c2000 	C:\WINDOWS\System32\SETUPAPI.dll
0x00007ff97acb0000 - 0x00007ff97acc4000 	C:\WINDOWS\SYSTEM32\WTSAPI32.dll
0x00007ff97ed20000 - 0x00007ff97ed54000 	C:\WINDOWS\System32\DEVOBJ.dll
0x00007ff97e550000 - 0x00007ff97e59b000 	C:\WINDOWS\SYSTEM32\powrprof.dll
0x00007ff97e3c0000 - 0x00007ff97e3d2000 	C:\WINDOWS\SYSTEM32\UMPDC.dll
0x00007ff97dd10000 - 0x00007ff97dd6a000 	C:\WINDOWS\SYSTEM32\WINSTA.dll
0x00007ff979570000 - 0x00007ff979724000 	C:\WINDOWS\SYSTEM32\WindowsCodecs.dll
0x00007ff956dc0000 - 0x00007ff956dfe000 	C:\WINDOWS\system32\dataexchange.dll
0x00007ff97bc00000 - 0x00007ff97bde6000 	C:\WINDOWS\system32\dcomp.dll
0x00007ff97b3d0000 - 0x00007ff97b634000 	C:\WINDOWS\system32\d3d11.dll
0x00007ff97d860000 - 0x00007ff97d954000 	C:\WINDOWS\system32\dxgi.dll
0x00007ff9798e0000 - 0x00007ff979ae1000 	C:\WINDOWS\system32\twinapi.appcore.dll
0x00007ff971f60000 - 0x00007ff97200c000 	C:\WINDOWS\SYSTEM32\TextShaping.dll
0x00007ff976810000 - 0x00007ff9769f4000 	C:\WINDOWS\SYSTEM32\dbghelp.dll

VM Arguments:
jvm_args: -agentlib:jdwp=transport=dt_socket,server=n,suspend=y,address=127.0.0.1:1066 -Dfile.encoding=windows-1250 -Duser.country=PL -Duser.language=pl -Duser.variant 
java_command: pl.pabilo8.kraftwerk.Kraftwerk otak.kftw
java_class_path (initial): Z:\JAVA\Kraftwerk\build\classes\java\main;Z:\JAVA\Kraftwerk\build\resources\main;C:\Users\Dobrodziej\.gradle\caches\modules-2\files-2.1\com.github.weisj\darklaf-core\2.7.2\9d31a200fe384bff9ba3e5229d8592d09c18a071\darklaf-core-2.7.2.jar;C:\Users\Dobrodziej\.gradle\caches\modules-2\files-2.1\org.jogamp.jogl\jogl-all-main\2.3.2\6a86a9ce357c085e3052efcf639447f9957b82b8\jogl-all-main-2.3.2.jar;C:\Users\Dobrodziej\.gradle\caches\modules-2\files-2.1\org.jogamp.gluegen\gluegen-rt-main\2.3.2\6a86a9ce357c085e3052efcf639447f9957b82b8\gluegen-rt-main-2.3.2.jar;C:\Users\Dobrodziej\.gradle\caches\modules-2\files-2.1\com.google.code.findbugs\jsr305\3.0.2\25ea2e8b0c338a877313bd4672d3fe056ea78f0d\jsr305-3.0.2.jar;C:\Users\Dobrodziej\.gradle\caches\modules-2\files-2.1\com.miglayout\miglayout-swing\5.3\47317c008be3cc9f2e229dd4fd954143141d002\miglayout-swing-5.3.jar;C:\Users\Dobrodziej\.gradle\caches\modules-2\files-2.1\com.miglayout\miglayout-core\5.3\c328f12ae04c076dd6b8716be559935272837bd5\miglayout-core-5.3.jar;C:\Users\Dobrodziej\.gradle\caches\modules-2\files-2.1\com.google.code.gson\gson\2.8.7\69d9503ea0a40ee16f0bcdac7e3eaf83d0fa914a\gson-2.8.7.jar;C:\Users\Dobrodziej\.gradle\caches\modules-2\files-2.1\com.github.Querz\NBT\6.1\e8aab87aed2ffa31ad5a2285a2d1438971476bf7\NBT-6.1.jar;C:\Users\Dobrodziej\.gradle\caches\modules-2\files-2.1\com.github.weisj\darklaf-windows\2.7.2\f290d7a6a5d8945b938aa0039561e7d5e03351c0\darklaf-windows-2.7.2.jar;C:\Users\Dobrodziej\.gradle\caches\modules-2\files-2.1\com.github.weisj\darklaf-macos\2.7.2\977d29a82293931426b96db54a03e5aae3bac323\darklaf-macos-2.7.2.jar;C:\Users\Dobrodziej\.gradle\caches\modules-2\files-2.1\com.github.weisj\darklaf-theme\2.7.2\40e136f3248a763fec13038731738a089787df37\darklaf-theme-2.7.2.jar;C:\Users\Dobrodziej\.gradle\caches\modules-2\files-2.1\com.github.weisj\darklaf-property-loader\2.7.2\45f971727b90af20785956a85b307c3e61d805db\darklaf-property-loader-2.7.2.jar;C:\Users\Dobrodziej\.gradle\cach
Launcher Type: SUN_STANDARD

Environment Variables:
PATH=C:\Python39\Scripts\;C:\Python39\;C:\Program Files (x86)\Common Files\Oracle\Java\javapath;C:\Windows\system32;C:\Windows;C:\Windows\System32\Wbem;C:\Windows\System32\WindowsPowerShell\v1.0\;C:\Windows\System32\OpenSSH\;C:\Program Files\NVIDIA Corporation\NVIDIA NvDLISR;C:\Program Files\Git\cmd;C:\Program Files (x86)\dotnet\;C:\ProgramData\chocolatey\bin;;C:\Program Files (x86)\NVIDIA Corporation\PhysX\Common;C:\WINDOWS\system32;C:\WINDOWS;C:\WINDOWS\System32\Wbem;C:\WINDOWS\System32\WindowsPowerShell\v1.0\;C:\WINDOWS\System32\OpenSSH\;C:\Program Files\nodejs\;C:\Program Files (x86)\dotnet-core-uninstall\;C:\Users\Dobrodziej\AppData\Local\Microsoft\WindowsApps;C:\Users\Dobrodziej\AppData\Local\Programs\Microsoft VS Code\bin;C:\Users\Dobrodziej\;C:\Users\Dobrodziej\AppData\Local\GitHubDesktop\bin;C:\Program Files\JetBrains\IntelliJ IDEA 2020.2.2\bin;C:\Program Files\heroku\bin;C:\Users\Dobrodziej\AppData\Local\Microsoft\WindowsApps;C:\Users\Dobrodziej\AppData\Roaming\npm;C:\Users\Dobrodziej\spicetify-cli;C:\Program Files (x86)\GNU\GnuPG
USERNAME=Dobrodziej
OS=Windows_NT
PROCESSOR_IDENTIFIER=AMD64 Family 23 Model 113 Stepping 0, AuthenticAMD



---------------  S Y S T E M  ---------------

OS: Windows 10.0 , 64 bit Build 19041 (10.0.19041.1151)

CPU:total 12 (initial active 12) (12 cores per cpu, 1 threads per core) family 23 model 113 stepping 0, cmov, cx8, fxsr, mmx, sse, sse2, sse3, ssse3, sse4.1, sse4.2, popcnt, avx, avx2, aes, clmul, mmxext, 3dnowpref, lzcnt, sse4a, tsc, tscinvbit, tscinv, bmi1

Memory: 4k page, physical 16710628k(4943076k free), swap 22215652k(5487332k free)

vm_info: Java HotSpot(TM) 64-Bit Server VM (25.251-b08) for windows-amd64 JRE (1.8.0_251-b08), built on Mar 12 2020 06:31:49 by "" with MS VC++ 10.0 (VS2010)

time: Thu Aug 26 20:47:03 2021
timezone: Œrodkowoeuropejski czas letni
elapsed time: 394 seconds (0d 0h 6m 34s)

